# JRE version: OpenJDK Runtime Environment (8.0_202) (build 1.8.0_202-release-1483-b49-5587405)
# Java VM: OpenJDK 64-Bit Server VM (25.202-b49-5587405 mixed mode linux-amd64 compressed oops)
Heap:
 PSYoungGen      total 401408K, used 400920K [0x00000000e0000000, 0x0000000100000000, 0x0000000100000000)
  eden space 333824K, 100% used [0x00000000e0000000,0x00000000f4600000,0x00000000f4600000)
  from space 67584K, 99% used [0x00000000f4600000,0x00000000f8786190,0x00000000f8800000)
  to   space 100864K, 1% used [0x00000000f9d80000,0x00000000f9f10000,0x0000000100000000)
 ParOldGen       total 378880K, used 236149K [0x00000000a0000000, 0x00000000b7200000, 0x00000000e0000000)
  object space 378880K, 62% used [0x00000000a0000000,0x00000000ae69d638,0x00000000b7200000)
 Metaspace       used 100649K, capacity 105206K, committed 105816K, reserved 1140736K
  class space    used 12763K, capacity 13816K, committed 13952K, reserved 1048576K
GC Heap History (10 events):
Event: 3807.130 GC heap after
Heap after GC invocations=30 (full 4):
 PSYoungGen      total 452608K, used 18470K [0x00000000e0000000, 0x0000000100000000, 0x0000000100000000)
  eden space 386048K, 0% used [0x00000000e0000000,0x00000000e0000000,0x00000000f7900000)
  from space 66560K, 27% used [0x00000000fb800000,0x00000000fca09868,0x00000000ff900000)
  to   space 64512K, 0% used [0x00000000f7900000,0x00000000f7900000,0x00000000fb800000)
 ParOldGen       total 241152K, used 166474K [0x00000000a0000000, 0x00000000aeb80000, 0x00000000e0000000)
  object space 241152K, 69% used [0x00000000a0000000,0x00000000aa292b98,0x00000000aeb80000)
 Metaspace       used 96404K, capacity 100584K, committed 100952K, reserved 1136640K
  class space    used 12397K, capacity 13313K, committed 13440K, reserved 1048576K
}
Event: 4882.638 GC heap before
{Heap before GC invocations=31 (full 4):
 PSYoungGen      total 452608K, used 404518K [0x00000000e0000000, 0x0000000100000000, 0x0000000100000000)
  eden space 386048K, 100% used [0x00000000e0000000,0x00000000f7900000,0x00000000f7900000)
  from space 66560K, 27% used [0x00000000fb800000,0x00000000fca09868,0x00000000ff900000)
  to   space 64512K, 0% used [0x00000000f7900000,0x00000000f7900000,0x00000000fb800000)
 ParOldGen       total 241152K, used 166474K [0x00000000a0000000, 0x00000000aeb80000, 0x00000000e0000000)
  object space 241152K, 69% used [0x00000000a0000000,0x00000000aa292b98,0x00000000aeb80000)
 Metaspace       used 100180K, capacity 104888K, committed 105048K, reserved 1140736K
  class space    used 12780K, capacity 13854K, committed 13952K, reserved 1048576K
Event: 4882.658 GC heap after
Heap after GC invocations=31 (full 4):
 PSYoungGen      total 450560K, used 14250K [0x00000000e0000000, 0x00000000ffa00000, 0x0000000100000000)
  eden space 386048K, 0% used [0x00000000e0000000,0x00000000e0000000,0x00000000f7900000)
  from space 64512K, 22% used [0x00000000f7900000,0x00000000f86eaa60,0x00000000fb800000)
  to   space 62464K, 0% used [0x00000000fbd00000,0x00000000fbd00000,0x00000000ffa00000)
 ParOldGen       total 241152K, used 167171K [0x00000000a0000000, 0x00000000aeb80000, 0x00000000e0000000)
  object space 241152K, 69% used [0x00000000a0000000,0x00000000aa340e18,0x00000000aeb80000)
 Metaspace       used 100180K, capacity 104888K, committed 105048K, reserved 1140736K
  class space    used 12780K, capacity 13854K, committed 13952K, reserved 1048576K
}
Event: 4884.719 GC heap before
{Heap before GC invocations=32 (full 4):
 PSYoungGen      total 450560K, used 400298K [0x00000000e0000000, 0x00000000ffa00000, 0x0000000100000000)
  eden space 386048K, 100% used [0x00000000e0000000,0x00000000f7900000,0x00000000f7900000)
  from space 64512K, 22% used [0x00000000f7900000,0x00000000f86eaa60,0x00000000fb800000)
  to   space 62464K, 0% used [0x00000000fbd00000,0x00000000fbd00000,0x00000000ffa00000)
 ParOldGen       total 241152K, used 167171K [0x00000000a0000000, 0x00000000aeb80000, 0x00000000e0000000)
  object space 241152K, 69% used [0x00000000a0000000,0x00000000aa340e18,0x00000000aeb80000)
 Metaspace       used 100734K, capacity 105472K, committed 105816K, reserved 1140736K
  class space    used 12794K, capacity 13862K, committed 13952K, reserved 1048576K
Event: 4884.892 GC heap after
Heap after GC invocations=32 (full 4):
 PSYoungGen      total 396288K, used 62440K [0x00000000e0000000, 0x0000000100000000, 0x0000000100000000)
  eden space 333824K, 0% used [0x00000000e0000000,0x00000000e0000000,0x00000000f4600000)
  from space 62464K, 99% used [0x00000000fbd00000,0x00000000ff9fa250,0x00000000ffa00000)
  to   space 95232K, 0% used [0x00000000f4600000,0x00000000f4600000,0x00000000fa300000)
 ParOldGen       total 241152K, used 228196K [0x00000000a0000000, 0x00000000aeb80000, 0x00000000e0000000)
  object space 241152K, 94% used [0x00000000a0000000,0x00000000aded9210,0x00000000aeb80000)
 Metaspace       used 100734K, capacity 105472K, committed 105816K, reserved 1140736K
  class space    used 12794K, capacity 13862K, committed 13952K, reserved 1048576K
}
Event: 4884.892 GC heap before
{Heap before GC invocations=33 (full 5):
 PSYoungGen      total 396288K, used 62440K [0x00000000e0000000, 0x0000000100000000, 0x0000000100000000)
  eden space 333824K, 0% used [0x00000000e0000000,0x00000000e0000000,0x00000000f4600000)
  from space 62464K, 99% used [0x00000000fbd00000,0x00000000ff9fa250,0x00000000ffa00000)
  to   space 95232K, 0% used [0x00000000f4600000,0x00000000f4600000,0x00000000fa300000)
 ParOldGen       total 241152K, used 228196K [0x00000000a0000000, 0x00000000aeb80000, 0x00000000e0000000)
  object space 241152K, 94% used [0x00000000a0000000,0x00000000aded9210,0x00000000aeb80000)
 Metaspace       used 100734K, capacity 105472K, committed 105816K, reserved 1140736K
  class space    used 12794K, capacity 13862K, committed 13952K, reserved 1048576K
Event: 4885.602 GC heap after
Heap after GC invocations=33 (full 5):
 PSYoungGen      total 396288K, used 0K [0x00000000e0000000, 0x0000000100000000, 0x0000000100000000)
  eden space 333824K, 0% used [0x00000000e0000000,0x00000000e0000000,0x00000000f4600000)
  from space 62464K, 0% used [0x00000000fbd00000,0x00000000fbd00000,0x00000000ffa00000)
  to   space 95232K, 0% used [0x00000000f4600000,0x00000000f4600000,0x00000000fa300000)
 ParOldGen       total 378880K, used 206174K [0x00000000a0000000, 0x00000000b7200000, 0x00000000e0000000)
  object space 378880K, 54% used [0x00000000a0000000,0x00000000ac957a80,0x00000000b7200000)
 Metaspace       used 100588K, capacity 105174K, committed 105816K, reserved 1140736K
  class space    used 12760K, capacity 13784K, committed 13952K, reserved 1048576K
}
Event: 4886.878 GC heap before
{Heap before GC invocations=34 (full 5):
 PSYoungGen      total 396288K, used 333824K [0x00000000e0000000, 0x0000000100000000, 0x0000000100000000)
  eden space 333824K, 100% used [0x00000000e0000000,0x00000000f4600000,0x00000000f4600000)
  from space 62464K, 0% used [0x00000000fbd00000,0x00000000fbd00000,0x00000000ffa00000)
  to   space 95232K, 0% used [0x00000000f4600000,0x00000000f4600000,0x00000000fa300000)
 ParOldGen       total 378880K, used 206174K [0x00000000a0000000, 0x00000000b7200000, 0x00000000e0000000)
  object space 378880K, 54% used [0x00000000a0000000,0x00000000ac957a80,0x00000000b7200000)
 Metaspace       used 100627K, capacity 105206K, committed 105816K, reserved 1140736K
  class space    used 12763K, capacity 13816K, committed 13952K, reserved 1048576K
Event: 4886.954 GC heap after
Heap after GC invocations=34 (full 5):
 PSYoungGen      total 401408K, used 67096K [0x00000000e0000000, 0x0000000100000000, 0x0000000100000000)
  eden space 333824K, 0% used [0x00000000e0000000,0x00000000e0000000,0x00000000f4600000)
  from space 67584K, 99% used [0x00000000f4600000,0x00000000f8786190,0x00000000f8800000)
  to   space 100864K, 0% used [0x00000000f9d80000,0x00000000f9d80000,0x0000000100000000)
 ParOldGen       total 378880K, used 206174K [0x00000000a0000000, 0x00000000b7200000, 0x00000000e0000000)
  object space 378880K, 54% used [0x00000000a0000000,0x00000000ac957a80,0x00000000b7200000)
 Metaspace       used 100627K, capacity 105206K, committed 105816K, reserved 1140736K
  class space    used 12763K, capacity 13816K, committed 13952K, reserved 1048576K
}
Event: 4888.304 GC heap before
{Heap before GC invocations=35 (full 5):
 PSYoungGen      total 401408K, used 400920K [0x00000000e0000000, 0x0000000100000000, 0x0000000100000000)
  eden space 333824K, 100% used [0x00000000e0000000,0x00000000f4600000,0x00000000f4600000)
  from space 67584K, 99% used [0x00000000f4600000,0x00000000f8786190,0x00000000f8800000)
  to   space 100864K, 0% used [0x00000000f9d80000,0x00000000f9d80000,0x0000000100000000)
 ParOldGen       total 378880K, used 206174K [0x00000000a0000000, 0x00000000b7200000, 0x00000000e0000000)
  object space 378880K, 54% used [0x00000000a0000000,0x00000000ac957a80,0x00000000b7200000)
 Metaspace       used 100649K, capacity 105206K, committed 105816K, reserved 1140736K
  class space    used 12763K, capacity 13816K, committed 13952K, reserved 1048576K

